<?xml version="1.0" encoding="utf-8"?><testsuites name="pytest tests"><testsuite name="pytest" errors="0" failures="0" skipped="0" tests="14" time="1.506" timestamp="2026-05-17T20:01:22.334411+00:00" hostname="agent-env-019f8764-47b1-49dc-a277-0b15841bf261"><testcase classname="backend.tests.test_elite_concierge.TestHealth" name="test_health_ok_and_retell_configured" time="0.282" /><testcase classname="backend.tests.test_elite_concierge.TestContactCreate" name="test_create_valid_contact_returns_201_no_underscore_id" time="0.082" /><testcase classname="backend.tests.test_elite_concierge.TestContactCreate" name="test_invalid_intent_normalized_to_message" time="0.060" /><testcase classname="backend.tests.test_elite_concierge.TestContactCreate" name="test_all_valid_intents_accepted[demo]" time="0.054" /><testcase classname="backend.tests.test_elite_concierge.TestContactCreate" name="test_all_valid_intents_accepted[sales]" time="0.054" /><testcase classname="backend.tests.test_elite_concierge.TestContactCreate" name="test_all_valid_intents_accepted[quote]" time="0.054" /><testcase classname="backend.tests.test_elite_concierge.TestContactCreate" name="test_all_valid_intents_accepted[strategy]" time="0.051" /><testcase classname="backend.tests.test_elite_concierge.TestContactCreate" name="test_all_valid_intents_accepted[message]" time="0.057" /><testcase classname="backend.tests.test_elite_concierge.TestContactCreate" name="test_invalid_email_returns_422" time="0.052" /><testcase classname="backend.tests.test_elite_concierge.TestContactCreate" name="test_missing_name_returns_422" time="0.051" /><testcase classname="backend.tests.test_elite_concierge.TestContactCreate" name="test_empty_name_returns_422" time="0.049" /><testcase classname="backend.tests.test_elite_concierge.TestContactsList" name="test_list_sorted_desc_and_no_underscore_id" time="0.107" /><testcase classname="backend.tests.test_elite_concierge.TestContactsList" name="test_list_respects_limit" time="0.053" /><testcase classname="backend.tests.test_elite_concierge.TestCreateWebCall" name="test_create_web_call_returns_real_retell_tokens" time="0.248" /></testsuite></testsuites>