<?xml version="1.0" encoding="utf-8"?><testsuites name="pytest tests"><testsuite name="pytest" errors="0" failures="0" skipped="0" tests="18" time="2.549" timestamp="2026-05-17T20:25:50.940991+00:00" hostname="agent-env-019f8764-47b1-49dc-a277-0b15841bf261"><testcase classname="backend.tests.test_elite_concierge.TestHealth" name="test_health_ok_and_retell_configured" time="0.259" /><testcase classname="backend.tests.test_elite_concierge.TestContactCreate" name="test_create_valid_contact_returns_201_no_underscore_id" time="0.114" /><testcase classname="backend.tests.test_elite_concierge.TestContactCreate" name="test_invalid_intent_normalized_to_message" time="0.059" /><testcase classname="backend.tests.test_elite_concierge.TestContactCreate" name="test_all_valid_intents_accepted[demo]" time="0.068" /><testcase classname="backend.tests.test_elite_concierge.TestContactCreate" name="test_all_valid_intents_accepted[sales]" time="0.071" /><testcase classname="backend.tests.test_elite_concierge.TestContactCreate" name="test_all_valid_intents_accepted[quote]" time="0.052" /><testcase classname="backend.tests.test_elite_concierge.TestContactCreate" name="test_all_valid_intents_accepted[strategy]" time="0.050" /><testcase classname="backend.tests.test_elite_concierge.TestContactCreate" name="test_all_valid_intents_accepted[message]" time="0.049" /><testcase classname="backend.tests.test_elite_concierge.TestContactCreate" name="test_invalid_email_returns_422" time="0.053" /><testcase classname="backend.tests.test_elite_concierge.TestContactCreate" name="test_missing_name_returns_422" time="0.051" /><testcase classname="backend.tests.test_elite_concierge.TestContactCreate" name="test_empty_name_returns_422" time="0.047" /><testcase classname="backend.tests.test_elite_concierge.TestContactsList" name="test_list_sorted_desc_and_no_underscore_id" time="0.115" /><testcase classname="backend.tests.test_elite_concierge.TestContactsList" name="test_list_respects_limit" time="0.055" /><testcase classname="backend.tests.test_elite_concierge.TestCreateWebCall" name="test_create_web_call_returns_real_retell_tokens" time="0.328" /><testcase classname="backend.tests.test_elite_concierge.TestHoneypot" name="test_honeypot_filled_returns_hp_id_and_not_stored" time="0.111" /><testcase classname="backend.tests.test_elite_concierge.TestHoneypot" name="test_honeypot_does_not_count_against_rate_limit" time="0.303" /><testcase classname="backend.tests.test_elite_concierge.TestHoneypot" name="test_honeypot_empty_string_normal_flow" time="0.055" /><testcase classname="backend.tests.test_elite_concierge.TestRateLimit" name="test_4th_submission_same_ip_returns_429" time="0.273" /></testsuite></testsuites>